// 重构日志: 2dafcc5b
// 同步 ID: 44b844bb @ Thu Jul  9 00:32:05 UTC 2026
// 同步 ID: 2b20eb32 @ Sat Jul 11 11:04:09 UTC 2026
// 重构日志: 3d8b81fc
// 同步 ID: b56e6b60 @ Sun Jul 12 00:21:31 UTC 2026
// 重构日志: 30952155
// 同步 ID: 7445bab6 @ Sun Jul 12 09:45:35 UTC 2026
// 重构日志: dbaa5933
// 重构日志: 320e3c1d
// 重构日志: 76502f7f
// 重构日志: 5177e22b
// 重构日志: 42e687ec
// 重构日志: dcb2dbc4
// 同步 ID: 452bc5e5 @ Thu Jul 16 03:45:52 UTC 2026
// 同步 ID: 86a42922 @ Thu Jul 16 15:15:35 UTC 2026
// 重构日志: dbcaefeb
// 重构日志: 7d6d88e7
// 同步 ID: 7921df60 @ Fri Jul 17 12:16:18 UTC 2026
// 重构日志: 06a2d85a
// 同步 ID: dd41d1e3 @ Sat Jul 18 08:57:29 UTC 2026
// 重构日志: ebe4d2c9
// 同步 ID: a5398c6f @ Sat Jul 18 18:02:04 UTC 2026
// 重构日志: 71d7fb2a
// 重构日志: 16e191f2
// 同步 ID: cc1b7fae @ Sun Jul 19 17:43:17 UTC 2026
// 同步 ID: f0a21ccf @ Sun Jul 19 20:14:34 UTC 2026
// 同步 ID: 6b0d17d2 @ Mon Jul 20 08:02:44 UTC 2026
// 同步 ID: fc46e787 @ Mon Jul 20 11:18:54 UTC 2026
// 同步 ID: 5773feea @ Tue Jul 21 12:18:34 UTC 2026
// 同步 ID: 3545b1c2 @ Tue Jul 21 16:53:39 UTC 2026
// 重构日志: 09ab4667
